{
  message: 'Pressed Navigation Attendance Button',
  level: 'info',
  timestamp: '2025-07-09T07:54:15.168Z'
}
{
  message: 'Attendance Fetched',
  level: 'info',
  timestamp: '2025-07-09T07:54:15.172Z'
}
{
  message: 'Pressed Navigation Diary Button',
  level: 'info',
  timestamp: '2025-07-09T07:57:28.995Z'
}
{
  message: 'Diary Fetched',
  level: 'info',
  timestamp: '2025-07-09T07:57:28.996Z'
}
{
  message: 'Pressed Navigation Diary Button',
  level: 'info',
  timestamp: '2025-07-09T07:57:46.608Z'
}
{
  message: 'Diary Fetched',
  level: 'info',
  timestamp: '2025-07-09T07:57:46.608Z'
}
{
  message: 'Pressed Navigation Announcements Button',
  level: 'info',
  timestamp: '2025-07-09T07:58:39.403Z'
}
{
  message: 'Announcements Fetched',
  level: 'info',
  timestamp: '2025-07-09T07:58:39.403Z'
}
{
  message: 'Pressed Navigation Announcements Button',
  level: 'info',
  timestamp: '2025-07-09T08:05:43.049Z'
}
{
  message: 'Announcements Fetched',
  level: 'info',
  timestamp: '2025-07-09T08:05:43.056Z'
}
{
  message: 'Pressed Navigation Announcements Button',
  level: 'info',
  timestamp: '2025-07-09T08:06:17.228Z'
}
{
  message: 'Announcements Fetched',
  level: 'info',
  timestamp: '2025-07-09T08:06:17.228Z'
}
{
  message: 'Pressed Navigation Announcements Button',
  level: 'info',
  timestamp: '2025-07-09T08:07:27.288Z'
}
{
  message: 'Announcements Fetched',
  level: 'info',
  timestamp: '2025-07-09T08:07:27.288Z'
}
{
  message: 'Pressed Navigation Announcements Button',
  level: 'info',
  timestamp: '2025-07-09T08:09:14.643Z'
}
{
  message: 'Announcements Fetched',
  level: 'info',
  timestamp: '2025-07-09T08:09:14.643Z'
}
{
  message: 'Pressed Navigation Announcements Button',
  level: 'info',
  timestamp: '2025-07-09T08:09:55.703Z'
}
{
  message: 'Announcements Fetched',
  level: 'info',
  timestamp: '2025-07-09T08:09:55.703Z'
}
{
  message: 'Pressed Navigation Announcements Button',
  level: 'info',
  timestamp: '2025-07-09T08:13:39.919Z'
}
{
  message: 'Announcements Fetched',
  level: 'info',
  timestamp: '2025-07-09T08:13:39.919Z'
}
{
  message: 'Pressed Navigation Calendar Button',
  level: 'info',
  timestamp: '2025-07-09T08:15:34.568Z'
}
{
  message: 'Calendar Fetched',
  level: 'info',
  timestamp: '2025-07-09T08:15:34.570Z'
}
{
  message: 'Pressed Navigation Calendar Button',
  level: 'info',
  timestamp: '2025-07-09T08:15:52.330Z'
}
{
  message: 'Calendar Fetched',
  level: 'info',
  timestamp: '2025-07-09T08:15:52.330Z'
}
{
  message: 'Pressed Navigation Calendar Button',
  level: 'info',
  timestamp: '2025-07-09T08:15:58.598Z'
}
{
  message: 'Calendar Fetched',
  level: 'info',
  timestamp: '2025-07-09T08:15:58.598Z'
}
{
  message: 'Pressed Navigation Calendar Button',
  level: 'info',
  timestamp: '2025-07-09T08:16:55.920Z'
}
{
  message: 'Calendar Fetched',
  level: 'info',
  timestamp: '2025-07-09T08:16:55.920Z'
}
{
  message: 'Pressed Navigation Calendar Button',
  level: 'info',
  timestamp: '2025-07-09T08:19:15.087Z'
}
{
  message: 'Calendar Fetched',
  level: 'info',
  timestamp: '2025-07-09T08:19:15.088Z'
}
{
  message: 'Pressed Navigation Calendar Button',
  level: 'info',
  timestamp: '2025-07-09T08:20:26.096Z'
}
{
  message: 'Calendar Fetched',
  level: 'info',
  timestamp: '2025-07-09T08:20:26.096Z'
}
{
  message: 'Pressed Navigation Calendar Button',
  level: 'info',
  timestamp: '2025-07-09T09:08:06.931Z'
}
{
  message: 'Calendar Fetched',
  level: 'info',
  timestamp: '2025-07-09T09:08:06.934Z'
}
{
  message: 'Pressed Navigation Attendance Button',
  level: 'info',
  timestamp: '2025-07-09T09:43:42.195Z'
}
{
  message: 'Attendance Fetched',
  level: 'info',
  timestamp: '2025-07-09T09:43:42.198Z'
}
{
  message: 'File/s Uploaded',
  level: 'info',
  timestamp: '2025-07-09T09:43:48.715Z'
}
{
  message: 'File/s Uploaded',
  level: 'info',
  timestamp: '2025-07-09T09:45:26.474Z'
}
{
  message: 'Pressed Navigation Diary Button',
  level: 'info',
  timestamp: '2025-07-09T09:57:10.902Z'
}
{
  message: 'Diary Fetched',
  level: 'info',
  timestamp: '2025-07-09T09:57:10.903Z'
}
{
  message: 'Pressed Navigation Announcements Button',
  level: 'info',
  timestamp: '2025-07-09T09:57:11.872Z'
}
{
  message: 'Announcements Fetched',
  level: 'info',
  timestamp: '2025-07-09T09:57:11.872Z'
}
{
  message: 'Pressed Navigation Calendar Button',
  level: 'info',
  timestamp: '2025-07-09T09:57:12.609Z'
}
{
  message: 'Calendar Fetched',
  level: 'info',
  timestamp: '2025-07-09T09:57:12.610Z'
}
{
  message: 'Pressed Navigation Attendance Button',
  level: 'info',
  timestamp: '2025-07-09T09:57:13.524Z'
}
{
  message: 'Attendance Fetched',
  level: 'info',
  timestamp: '2025-07-09T09:57:13.525Z'
}
{
  message: 'Pressed Navigation Diary Button',
  level: 'info',
  timestamp: '2025-07-09T09:57:14.121Z'
}
{
  message: 'Diary Fetched',
  level: 'info',
  timestamp: '2025-07-09T09:57:14.122Z'
}
{
  message: 'Pressed Navigation Announcements Button',
  level: 'info',
  timestamp: '2025-07-09T09:57:14.663Z'
}
{
  message: 'Announcements Fetched',
  level: 'info',
  timestamp: '2025-07-09T09:57:14.664Z'
}
{
  message: 'Pressed Navigation Calendar Button',
  level: 'info',
  timestamp: '2025-07-09T09:57:15.274Z'
}
{
  message: 'Calendar Fetched',
  level: 'info',
  timestamp: '2025-07-09T09:57:15.274Z'
}
{
  message: 'Pressed Navigation Attendance Button',
  level: 'info',
  timestamp: '2025-07-09T09:57:16.292Z'
}
{
  message: 'Attendance Fetched',
  level: 'info',
  timestamp: '2025-07-09T09:57:16.292Z'
}
{
  message: 'Pressed Navigation Attendance Button',
  level: 'info',
  timestamp: '2025-07-09T10:29:54.250Z'
}
{
  message: 'Attendance Fetched',
  level: 'info',
  timestamp: '2025-07-09T10:29:54.254Z'
}
{
  message: 'Pressed Navigation Attendance Button',
  level: 'info',
  timestamp: '2025-07-09T10:32:50.854Z'
}
{
  message: 'Attendance Fetched',
  level: 'info',
  timestamp: '2025-07-09T10:32:50.854Z'
}
{
  message: 'Pressed Navigation Attendance Button',
  level: 'info',
  timestamp: '2025-07-09T17:43:11.048Z'
}
{
  message: 'Attendance Fetched',
  level: 'info',
  timestamp: '2025-07-09T17:43:11.050Z'
}
{
  message: 'Pressed Navigation Attendance Button',
  level: 'info',
  timestamp: '2025-07-09T20:10:40.570Z'
}
{
  message: 'Attendance Fetched',
  level: 'info',
  timestamp: '2025-07-09T20:10:40.572Z'
}
