{
  message: 'Pressed Navigation Attendance Button',
  level: 'info',
  timestamp: '2025-06-02T06:54:06.779Z'
}
{
  message: 'Attendance Fetched',
  level: 'info',
  timestamp: '2025-06-02T06:54:06.779Z'
}
{
  message: 'File/s Uploaded',
  level: 'info',
  timestamp: '2025-06-02T06:54:13.131Z'
}
{
  message: 'Pressed Navigation Diary Button',
  level: 'info',
  timestamp: '2025-06-02T06:54:46.025Z'
}
{
  message: 'Diary Fetched',
  level: 'info',
  timestamp: '2025-06-02T06:54:46.025Z'
}
{
  message: 'Pressed Navigation Diary Button',
  level: 'info',
  timestamp: '2025-06-02T06:54:49.606Z'
}
{
  message: 'Diary Fetched',
  level: 'info',
  timestamp: '2025-06-02T06:54:49.606Z'
}
{
  message: 'Pressed Navigation Announcements Button',
  level: 'info',
  timestamp: '2025-06-02T06:54:59.972Z'
}
{
  message: 'Announcements Fetched',
  level: 'info',
  timestamp: '2025-06-02T06:54:59.972Z'
}
{
  message: 'Pressed Navigation Calendar Button',
  level: 'info',
  timestamp: '2025-06-02T06:55:14.276Z'
}
{
  message: 'Calendar Fetched',
  level: 'info',
  timestamp: '2025-06-02T06:55:14.276Z'
}
