{
  message: 'Pressed Navigation Attendance Button',
  level: 'info',
  timestamp: '2025-06-10T08:17:14.109Z'
}
{
  message: 'Attendance Fetched',
  level: 'info',
  timestamp: '2025-06-10T08:17:14.110Z'
}
{
  message: 'File/s Uploaded',
  level: 'info',
  timestamp: '2025-06-10T08:17:20.303Z'
}
{
  message: 'Pressed Navigation Diary Button',
  level: 'info',
  timestamp: '2025-06-10T08:17:25.019Z'
}
{
  message: 'Diary Fetched',
  level: 'info',
  timestamp: '2025-06-10T08:17:25.019Z'
}
{
  message: 'Pressed Navigation Diary Button',
  level: 'info',
  timestamp: '2025-06-10T08:17:29.577Z'
}
{
  message: 'Diary Fetched',
  level: 'info',
  timestamp: '2025-06-10T08:17:29.577Z'
}
{
  message: 'Pressed Navigation Diary Button',
  level: 'info',
  timestamp: '2025-06-10T08:17:31.260Z'
}
{
  message: 'Diary Fetched',
  level: 'info',
  timestamp: '2025-06-10T08:17:31.261Z'
}
{
  message: 'Pressed Navigation Diary Button',
  level: 'info',
  timestamp: '2025-06-10T08:17:32.310Z'
}
{
  message: 'Diary Fetched',
  level: 'info',
  timestamp: '2025-06-10T08:17:32.310Z'
}
{
  message: 'Pressed Navigation Announcements Button',
  level: 'info',
  timestamp: '2025-06-10T08:17:38.532Z'
}
{
  message: 'Announcements Fetched',
  level: 'info',
  timestamp: '2025-06-10T08:17:38.532Z'
}
{
  message: 'Pressed Navigation Calendar Button',
  level: 'info',
  timestamp: '2025-06-10T08:17:50.011Z'
}
{
  message: 'Calendar Fetched',
  level: 'info',
  timestamp: '2025-06-10T08:17:50.011Z'
}
