{
  message: 'Pressed Navigation Attendance Button',
  level: 'info',
  timestamp: '2025-06-10T08:34:13.165Z'
}
{
  message: 'Attendance Fetched',
  level: 'info',
  timestamp: '2025-06-10T08:34:13.165Z'
}
{
  message: 'File/s Uploaded',
  level: 'info',
  timestamp: '2025-06-10T08:34:22.357Z'
}
{
  message: 'Pressed Navigation Diary Button',
  level: 'info',
  timestamp: '2025-06-10T08:34:25.860Z'
}
{
  message: 'Diary Fetched',
  level: 'info',
  timestamp: '2025-06-10T08:34:25.860Z'
}
{
  message: 'Pressed Navigation Diary Button',
  level: 'info',
  timestamp: '2025-06-10T08:34:31.926Z'
}
{
  message: 'Diary Fetched',
  level: 'info',
  timestamp: '2025-06-10T08:34:31.927Z'
}
{
  message: 'Pressed Navigation Diary Button',
  level: 'info',
  timestamp: '2025-06-10T08:34:32.544Z'
}
{
  message: 'Diary Fetched',
  level: 'info',
  timestamp: '2025-06-10T08:34:32.544Z'
}
{
  message: 'Pressed Navigation Announcements Button',
  level: 'info',
  timestamp: '2025-06-10T08:34:38.607Z'
}
{
  message: 'Announcements Fetched',
  level: 'info',
  timestamp: '2025-06-10T08:34:38.607Z'
}
{
  message: 'Pressed Navigation Calendar Button',
  level: 'info',
  timestamp: '2025-06-10T08:34:48.387Z'
}
{
  message: 'Calendar Fetched',
  level: 'info',
  timestamp: '2025-06-10T08:34:48.388Z'
}
