{
  message: 'Pressed Navigation Attendance Button',
  level: 'info',
  timestamp: '2025-06-10T08:40:30.368Z'
}
{
  message: 'Attendance Fetched',
  level: 'info',
  timestamp: '2025-06-10T08:40:30.368Z'
}
{
  message: 'File/s Uploaded',
  level: 'info',
  timestamp: '2025-06-10T08:40:36.530Z'
}
{
  message: 'Pressed Navigation Diary Button',
  level: 'info',
  timestamp: '2025-06-10T08:40:44.378Z'
}
{
  message: 'Diary Fetched',
  level: 'info',
  timestamp: '2025-06-10T08:40:44.378Z'
}
{
  message: 'Pressed Navigation Diary Button',
  level: 'info',
  timestamp: '2025-06-10T08:40:47.314Z'
}
{
  message: 'Diary Fetched',
  level: 'info',
  timestamp: '2025-06-10T08:40:47.314Z'
}
{
  message: 'Pressed Navigation Diary Button',
  level: 'info',
  timestamp: '2025-06-10T08:40:48.928Z'
}
{
  message: 'Diary Fetched',
  level: 'info',
  timestamp: '2025-06-10T08:40:48.928Z'
}
{
  message: 'Pressed Navigation Diary Button',
  level: 'info',
  timestamp: '2025-06-10T08:40:49.637Z'
}
{
  message: 'Diary Fetched',
  level: 'info',
  timestamp: '2025-06-10T08:40:49.637Z'
}
{
  message: 'Pressed Navigation Calendar Button',
  level: 'info',
  timestamp: '2025-06-10T08:40:54.946Z'
}
{
  message: 'Calendar Fetched',
  level: 'info',
  timestamp: '2025-06-10T08:40:54.946Z'
}
{
  message: 'Pressed Navigation Announcements Button',
  level: 'info',
  timestamp: '2025-06-10T08:40:55.892Z'
}
{
  message: 'Announcements Fetched',
  level: 'info',
  timestamp: '2025-06-10T08:40:55.892Z'
}
{
  message: 'Pressed Navigation Calendar Button',
  level: 'info',
  timestamp: '2025-06-10T08:41:03.722Z'
}
{
  message: 'Calendar Fetched',
  level: 'info',
  timestamp: '2025-06-10T08:41:03.723Z'
}
