{
  message: 'Pressed Navigation Attendance Button',
  level: 'info',
  timestamp: '2025-06-10T09:09:52.315Z'
}
{
  message: 'Attendance Fetched',
  level: 'info',
  timestamp: '2025-06-10T09:09:52.317Z'
}
{
  message: 'File/s Uploaded',
  level: 'info',
  timestamp: '2025-06-10T09:09:58.447Z'
}
{
  message: 'Pressed Navigation Diary Button',
  level: 'info',
  timestamp: '2025-06-10T09:10:01.651Z'
}
{
  message: 'Diary Fetched',
  level: 'info',
  timestamp: '2025-06-10T09:10:01.652Z'
}
{
  message: 'Pressed Navigation Diary Button',
  level: 'info',
  timestamp: '2025-06-10T09:10:07.083Z'
}
{
  message: 'Diary Fetched',
  level: 'info',
  timestamp: '2025-06-10T09:10:07.083Z'
}
{
  message: 'Pressed Navigation Diary Button',
  level: 'info',
  timestamp: '2025-06-10T09:10:07.952Z'
}
{
  message: 'Diary Fetched',
  level: 'info',
  timestamp: '2025-06-10T09:10:07.952Z'
}
{
  message: 'Pressed Navigation Announcements Button',
  level: 'info',
  timestamp: '2025-06-10T09:10:25.647Z'
}
{
  message: 'Announcements Fetched',
  level: 'info',
  timestamp: '2025-06-10T09:10:25.647Z'
}
{
  message: 'Pressed Navigation Calendar Button',
  level: 'info',
  timestamp: '2025-06-10T09:10:36.623Z'
}
{
  message: 'Calendar Fetched',
  level: 'info',
  timestamp: '2025-06-10T09:10:36.624Z'
}
