{
  message: 'Pressed Navigation Attendance Button',
  level: 'info',
  timestamp: '2025-06-02T07:33:20.750Z'
}
{
  message: 'Attendance Fetched',
  level: 'info',
  timestamp: '2025-06-02T07:33:20.750Z'
}
{
  message: 'File/s Uploaded',
  level: 'info',
  timestamp: '2025-06-02T07:33:29.567Z'
}
{
  message: 'Pressed Navigation Diary Button',
  level: 'info',
  timestamp: '2025-06-02T07:33:37.367Z'
}
{
  message: 'Diary Fetched',
  level: 'info',
  timestamp: '2025-06-02T07:33:37.367Z'
}
{
  message: 'Pressed Navigation Diary Button',
  level: 'info',
  timestamp: '2025-06-02T07:33:46.761Z'
}
{
  message: 'Diary Fetched',
  level: 'info',
  timestamp: '2025-06-02T07:33:46.761Z'
}
{
  message: 'Pressed Navigation Announcements Button',
  level: 'info',
  timestamp: '2025-06-02T07:34:00.514Z'
}
{
  message: 'Announcements Fetched',
  level: 'info',
  timestamp: '2025-06-02T07:34:00.516Z'
}
{
  message: 'Pressed Navigation Calendar Button',
  level: 'info',
  timestamp: '2025-06-02T07:34:20.402Z'
}
{
  message: 'Calendar Fetched',
  level: 'info',
  timestamp: '2025-06-02T07:34:20.402Z'
}
