{
  message: 'Pressed Navigation Attendance Button',
  level: 'info',
  timestamp: '2025-06-10T09:20:00.349Z'
}
{
  message: 'Attendance Fetched',
  level: 'info',
  timestamp: '2025-06-10T09:20:00.349Z'
}
{
  message: 'File/s Uploaded',
  level: 'info',
  timestamp: '2025-06-10T09:20:05.539Z'
}
{
  message: 'Pressed Navigation Diary Button',
  level: 'info',
  timestamp: '2025-06-10T09:20:10.769Z'
}
{
  message: 'Diary Fetched',
  level: 'info',
  timestamp: '2025-06-10T09:20:10.769Z'
}
{
  message: 'Pressed Navigation Diary Button',
  level: 'info',
  timestamp: '2025-06-10T09:20:16.424Z'
}
{
  message: 'Diary Fetched',
  level: 'info',
  timestamp: '2025-06-10T09:20:16.424Z'
}
{
  message: 'Pressed Navigation Announcements Button',
  level: 'info',
  timestamp: '2025-06-10T09:20:23.850Z'
}
{
  message: 'Announcements Fetched',
  level: 'info',
  timestamp: '2025-06-10T09:20:23.850Z'
}
{
  message: 'Pressed Navigation Calendar Button',
  level: 'info',
  timestamp: '2025-06-10T09:20:34.993Z'
}
{
  message: 'Calendar Fetched',
  level: 'info',
  timestamp: '2025-06-10T09:20:34.994Z'
}
