{
  message: 'Pressed Navigation Attendance Button',
  level: 'info',
  timestamp: '2025-06-10T09:27:29.342Z'
}
{
  message: 'Attendance Fetched',
  level: 'info',
  timestamp: '2025-06-10T09:27:29.342Z'
}
{
  message: 'File/s Uploaded',
  level: 'info',
  timestamp: '2025-06-10T09:27:34.886Z'
}
{
  message: 'Pressed Navigation Diary Button',
  level: 'info',
  timestamp: '2025-06-10T09:27:39.950Z'
}
{
  message: 'Diary Fetched',
  level: 'info',
  timestamp: '2025-06-10T09:27:39.950Z'
}
{
  message: 'Pressed Navigation Diary Button',
  level: 'info',
  timestamp: '2025-06-10T09:27:44.067Z'
}
{
  message: 'Diary Fetched',
  level: 'info',
  timestamp: '2025-06-10T09:27:44.067Z'
}
{
  message: 'Pressed Navigation Diary Button',
  level: 'info',
  timestamp: '2025-06-10T09:27:44.776Z'
}
{
  message: 'Diary Fetched',
  level: 'info',
  timestamp: '2025-06-10T09:27:44.777Z'
}
{
  message: 'Pressed Navigation Announcements Button',
  level: 'info',
  timestamp: '2025-06-10T09:27:48.335Z'
}
{
  message: 'Announcements Fetched',
  level: 'info',
  timestamp: '2025-06-10T09:27:48.335Z'
}
{
  message: 'Pressed Navigation Calendar Button',
  level: 'info',
  timestamp: '2025-06-10T09:27:56.456Z'
}
{
  message: 'Calendar Fetched',
  level: 'info',
  timestamp: '2025-06-10T09:27:56.456Z'
}
