{
  message: 'Pressed Navigation Attendance Button',
  level: 'info',
  timestamp: '2025-06-10T09:43:00.891Z'
}
{
  message: 'Attendance Fetched',
  level: 'info',
  timestamp: '2025-06-10T09:43:00.891Z'
}
{
  message: 'File/s Uploaded',
  level: 'info',
  timestamp: '2025-06-10T09:43:09.674Z'
}
{
  message: 'Pressed Navigation Diary Button',
  level: 'info',
  timestamp: '2025-06-10T09:43:14.651Z'
}
{
  message: 'Diary Fetched',
  level: 'info',
  timestamp: '2025-06-10T09:43:14.652Z'
}
{
  message: 'Pressed Navigation Diary Button',
  level: 'info',
  timestamp: '2025-06-10T09:43:18.874Z'
}
{
  message: 'Diary Fetched',
  level: 'info',
  timestamp: '2025-06-10T09:43:18.875Z'
}
{
  message: 'Pressed Navigation Diary Button',
  level: 'info',
  timestamp: '2025-06-10T09:43:19.469Z'
}
{
  message: 'Diary Fetched',
  level: 'info',
  timestamp: '2025-06-10T09:43:19.469Z'
}
{
  message: 'Pressed Navigation Announcements Button',
  level: 'info',
  timestamp: '2025-06-10T09:43:24.959Z'
}
{
  message: 'Announcements Fetched',
  level: 'info',
  timestamp: '2025-06-10T09:43:24.959Z'
}
{
  message: 'Pressed Navigation Calendar Button',
  level: 'info',
  timestamp: '2025-06-10T09:43:35.950Z'
}
{
  message: 'Calendar Fetched',
  level: 'info',
  timestamp: '2025-06-10T09:43:35.950Z'
}
