{
  message: 'Pressed Navigation Attendance Button',
  level: 'info',
  timestamp: '2025-06-10T09:55:07.625Z'
}
{
  message: 'Attendance Fetched',
  level: 'info',
  timestamp: '2025-06-10T09:55:07.625Z'
}
{
  message: 'File/s Uploaded',
  level: 'info',
  timestamp: '2025-06-10T09:55:13.743Z'
}
{
  message: 'Pressed Navigation Diary Button',
  level: 'info',
  timestamp: '2025-06-10T09:55:18.265Z'
}
{
  message: 'Diary Fetched',
  level: 'info',
  timestamp: '2025-06-10T09:55:18.265Z'
}
{
  message: 'Pressed Navigation Diary Button',
  level: 'info',
  timestamp: '2025-06-10T09:55:21.824Z'
}
{
  message: 'Diary Fetched',
  level: 'info',
  timestamp: '2025-06-10T09:55:21.825Z'
}
{
  message: 'Pressed Navigation Diary Button',
  level: 'info',
  timestamp: '2025-06-10T09:55:22.595Z'
}
{
  message: 'Diary Fetched',
  level: 'info',
  timestamp: '2025-06-10T09:55:22.595Z'
}
{
  message: 'Pressed Navigation Announcements Button',
  level: 'info',
  timestamp: '2025-06-10T09:55:27.377Z'
}
{
  message: 'Announcements Fetched',
  level: 'info',
  timestamp: '2025-06-10T09:55:27.378Z'
}
{
  message: 'Pressed Navigation Calendar Button',
  level: 'info',
  timestamp: '2025-06-10T09:55:37.740Z'
}
{
  message: 'Calendar Fetched',
  level: 'info',
  timestamp: '2025-06-10T09:55:37.741Z'
}
