{
  message: 'Pressed Navigation Attendance Button',
  level: 'info',
  timestamp: '2025-06-11T07:38:07.771Z'
}
{
  message: 'Attendance Fetched',
  level: 'info',
  timestamp: '2025-06-11T07:38:07.772Z'
}
{
  message: 'File/s Uploaded',
  level: 'info',
  timestamp: '2025-06-11T07:38:20.593Z'
}
{
  message: 'Pressed Navigation Diary Button',
  level: 'info',
  timestamp: '2025-06-11T07:38:26.017Z'
}
{
  message: 'Diary Fetched',
  level: 'info',
  timestamp: '2025-06-11T07:38:26.017Z'
}
{
  message: 'Pressed Navigation Diary Button',
  level: 'info',
  timestamp: '2025-06-11T07:38:34.997Z'
}
{
  message: 'Diary Fetched',
  level: 'info',
  timestamp: '2025-06-11T07:38:34.998Z'
}
{
  message: 'Pressed Navigation Diary Button',
  level: 'info',
  timestamp: '2025-06-11T07:38:37.359Z'
}
{
  message: 'Diary Fetched',
  level: 'info',
  timestamp: '2025-06-11T07:38:37.359Z'
}
{
  message: 'Pressed Navigation Announcements Button',
  level: 'info',
  timestamp: '2025-06-11T07:38:47.715Z'
}
{
  message: 'Announcements Fetched',
  level: 'info',
  timestamp: '2025-06-11T07:38:47.715Z'
}
{
  message: 'Pressed Navigation Calendar Button',
  level: 'info',
  timestamp: '2025-06-11T07:39:09.108Z'
}
{
  message: 'Calendar Fetched',
  level: 'info',
  timestamp: '2025-06-11T07:39:09.109Z'
}
