{
  message: 'Pressed Navigation Attendance Button',
  level: 'info',
  timestamp: '2025-06-02T08:28:20.078Z'
}
{
  message: 'Attendance Fetched',
  level: 'info',
  timestamp: '2025-06-02T08:28:20.078Z'
}
{
  message: 'File/s Uploaded',
  level: 'info',
  timestamp: '2025-06-02T08:28:26.441Z'
}
{
  message: 'Pressed Navigation Diary Button',
  level: 'info',
  timestamp: '2025-06-02T08:28:30.232Z'
}
{
  message: 'Diary Fetched',
  level: 'info',
  timestamp: '2025-06-02T08:28:30.233Z'
}
{
  message: 'Pressed Navigation Diary Button',
  level: 'info',
  timestamp: '2025-06-02T08:28:37.785Z'
}
{
  message: 'Diary Fetched',
  level: 'info',
  timestamp: '2025-06-02T08:28:37.785Z'
}
{
  message: 'Pressed Navigation Announcements Button',
  level: 'info',
  timestamp: '2025-06-02T08:28:50.498Z'
}
{
  message: 'Announcements Fetched',
  level: 'info',
  timestamp: '2025-06-02T08:28:50.498Z'
}
{
  message: 'Pressed Navigation Calendar Button',
  level: 'info',
  timestamp: '2025-06-02T08:29:06.097Z'
}
{
  message: 'Calendar Fetched',
  level: 'info',
  timestamp: '2025-06-02T08:29:06.097Z'
}
