{
  message: 'Pressed Navigation Attendance Button',
  level: 'info',
  timestamp: '2025-06-11T08:10:47.554Z'
}
{
  message: 'Attendance Fetched',
  level: 'info',
  timestamp: '2025-06-11T08:10:47.554Z'
}
{
  message: 'File/s Uploaded',
  level: 'info',
  timestamp: '2025-06-11T08:10:55.113Z'
}
{
  message: 'Pressed Navigation Diary Button',
  level: 'info',
  timestamp: '2025-06-11T08:11:00.911Z'
}
{
  message: 'Diary Fetched',
  level: 'info',
  timestamp: '2025-06-11T08:11:00.912Z'
}
{
  message: 'Pressed Navigation Diary Button',
  level: 'info',
  timestamp: '2025-06-11T08:11:04.438Z'
}
{
  message: 'Diary Fetched',
  level: 'info',
  timestamp: '2025-06-11T08:11:04.439Z'
}
{
  message: 'Pressed Navigation Diary Button',
  level: 'info',
  timestamp: '2025-06-11T08:11:06.554Z'
}
{
  message: 'Diary Fetched',
  level: 'info',
  timestamp: '2025-06-11T08:11:06.554Z'
}
{
  message: 'Pressed Navigation Announcements Button',
  level: 'info',
  timestamp: '2025-06-11T08:11:16.572Z'
}
{
  message: 'Announcements Fetched',
  level: 'info',
  timestamp: '2025-06-11T08:11:16.572Z'
}
{
  message: 'Pressed Navigation Calendar Button',
  level: 'info',
  timestamp: '2025-06-11T08:11:30.320Z'
}
{
  message: 'Calendar Fetched',
  level: 'info',
  timestamp: '2025-06-11T08:11:30.320Z'
}
