{
  message: 'Pressed Navigation Attendance Button',
  level: 'info',
  timestamp: '2025-06-11T08:17:33.896Z'
}
{
  message: 'Attendance Fetched',
  level: 'info',
  timestamp: '2025-06-11T08:17:33.896Z'
}
{
  message: 'File/s Uploaded',
  level: 'info',
  timestamp: '2025-06-11T08:17:38.516Z'
}
{
  message: 'Pressed Navigation Diary Button',
  level: 'info',
  timestamp: '2025-06-11T08:17:43.029Z'
}
{
  message: 'Diary Fetched',
  level: 'info',
  timestamp: '2025-06-11T08:17:43.030Z'
}
{
  message: 'Pressed Navigation Diary Button',
  level: 'info',
  timestamp: '2025-06-11T08:17:48.740Z'
}
{
  message: 'Diary Fetched',
  level: 'info',
  timestamp: '2025-06-11T08:17:48.741Z'
}
{
  message: 'Pressed Navigation Announcements Button',
  level: 'info',
  timestamp: '2025-06-11T08:18:01.838Z'
}
{
  message: 'Announcements Fetched',
  level: 'info',
  timestamp: '2025-06-11T08:18:01.838Z'
}
{
  message: 'Pressed Navigation Calendar Button',
  level: 'info',
  timestamp: '2025-06-11T08:18:11.216Z'
}
{
  message: 'Calendar Fetched',
  level: 'info',
  timestamp: '2025-06-11T08:18:11.216Z'
}
