{
  message: 'Pressed Navigation Attendance Button',
  level: 'info',
  timestamp: '2025-06-11T08:25:21.518Z'
}
{
  message: 'Attendance Fetched',
  level: 'info',
  timestamp: '2025-06-11T08:25:21.518Z'
}
{
  message: 'File/s Uploaded',
  level: 'info',
  timestamp: '2025-06-11T08:25:31.374Z'
}
{
  message: 'Pressed Navigation Diary Button',
  level: 'info',
  timestamp: '2025-06-11T08:25:35.826Z'
}
{
  message: 'Diary Fetched',
  level: 'info',
  timestamp: '2025-06-11T08:25:35.826Z'
}
{
  message: 'Pressed Navigation Diary Button',
  level: 'info',
  timestamp: '2025-06-11T08:25:40.042Z'
}
{
  message: 'Diary Fetched',
  level: 'info',
  timestamp: '2025-06-11T08:25:40.042Z'
}
{
  message: 'Pressed Navigation Announcements Button',
  level: 'info',
  timestamp: '2025-06-11T08:25:46.707Z'
}
{
  message: 'Announcements Fetched',
  level: 'info',
  timestamp: '2025-06-11T08:25:46.707Z'
}
{
  message: 'Pressed Navigation Calendar Button',
  level: 'info',
  timestamp: '2025-06-11T08:26:00.235Z'
}
{
  message: 'Calendar Fetched',
  level: 'info',
  timestamp: '2025-06-11T08:26:00.235Z'
}
