{
  message: 'Pressed Navigation Attendance Button',
  level: 'info',
  timestamp: '2025-06-02T08:33:44.230Z'
}
{
  message: 'Attendance Fetched',
  level: 'info',
  timestamp: '2025-06-02T08:33:44.231Z'
}
{
  message: 'File/s Uploaded',
  level: 'info',
  timestamp: '2025-06-02T08:33:49.435Z'
}
{
  message: 'Pressed Navigation Announcements Button',
  level: 'info',
  timestamp: '2025-06-02T08:33:53.909Z'
}
{
  message: 'Announcements Fetched',
  level: 'info',
  timestamp: '2025-06-02T08:33:53.909Z'
}
{
  message: 'Pressed Navigation Diary Button',
  level: 'info',
  timestamp: '2025-06-02T08:33:55.511Z'
}
{
  message: 'Diary Fetched',
  level: 'info',
  timestamp: '2025-06-02T08:33:55.511Z'
}
{
  message: 'Pressed Navigation Diary Button',
  level: 'info',
  timestamp: '2025-06-02T08:34:01.562Z'
}
{
  message: 'Diary Fetched',
  level: 'info',
  timestamp: '2025-06-02T08:34:01.562Z'
}
{
  message: 'Pressed Navigation Announcements Button',
  level: 'info',
  timestamp: '2025-06-02T08:34:06.475Z'
}
{
  message: 'Announcements Fetched',
  level: 'info',
  timestamp: '2025-06-02T08:34:06.476Z'
}
{
  message: 'Pressed Navigation Calendar Button',
  level: 'info',
  timestamp: '2025-06-02T08:34:24.007Z'
}
{
  message: 'Calendar Fetched',
  level: 'info',
  timestamp: '2025-06-02T08:34:24.007Z'
}
