{
  message: 'Pressed Navigation Attendance Button',
  level: 'info',
  timestamp: '2025-06-11T08:40:32.960Z'
}
{
  message: 'Attendance Fetched',
  level: 'info',
  timestamp: '2025-06-11T08:40:32.961Z'
}
{
  message: 'File/s Uploaded',
  level: 'info',
  timestamp: '2025-06-11T08:40:40.338Z'
}
{
  message: 'Pressed Navigation Diary Button',
  level: 'info',
  timestamp: '2025-06-11T08:40:46.592Z'
}
{
  message: 'Diary Fetched',
  level: 'info',
  timestamp: '2025-06-11T08:40:46.592Z'
}
{
  message: 'Pressed Navigation Diary Button',
  level: 'info',
  timestamp: '2025-06-11T08:40:49.088Z'
}
{
  message: 'Diary Fetched',
  level: 'info',
  timestamp: '2025-06-11T08:40:49.088Z'
}
{
  message: 'Pressed Navigation Diary Button',
  level: 'info',
  timestamp: '2025-06-11T08:40:49.802Z'
}
{
  message: 'Diary Fetched',
  level: 'info',
  timestamp: '2025-06-11T08:40:49.803Z'
}
{
  message: 'Pressed Navigation Announcements Button',
  level: 'info',
  timestamp: '2025-06-11T08:40:59.204Z'
}
{
  message: 'Announcements Fetched',
  level: 'info',
  timestamp: '2025-06-11T08:40:59.205Z'
}
{
  message: 'Pressed Navigation Calendar Button',
  level: 'info',
  timestamp: '2025-06-11T08:41:11.075Z'
}
{
  message: 'Calendar Fetched',
  level: 'info',
  timestamp: '2025-06-11T08:41:11.075Z'
}
