{
  message: 'Pressed Navigation Attendance Button',
  level: 'info',
  timestamp: '2025-06-11T09:01:54.367Z'
}
{
  message: 'Attendance Fetched',
  level: 'info',
  timestamp: '2025-06-11T09:01:54.368Z'
}
{
  message: 'File/s Uploaded',
  level: 'info',
  timestamp: '2025-06-11T09:01:59.315Z'
}
{
  message: 'Pressed Navigation Diary Button',
  level: 'info',
  timestamp: '2025-06-11T09:02:01.453Z'
}
{
  message: 'Diary Fetched',
  level: 'info',
  timestamp: '2025-06-11T09:02:01.453Z'
}
{
  message: 'Pressed Navigation Diary Button',
  level: 'info',
  timestamp: '2025-06-11T09:02:04.986Z'
}
{
  message: 'Diary Fetched',
  level: 'info',
  timestamp: '2025-06-11T09:02:04.986Z'
}
{
  message: 'Pressed Navigation Announcements Button',
  level: 'info',
  timestamp: '2025-06-11T09:02:11.124Z'
}
{
  message: 'Announcements Fetched',
  level: 'info',
  timestamp: '2025-06-11T09:02:11.125Z'
}
{
  message: 'Pressed Navigation Calendar Button',
  level: 'info',
  timestamp: '2025-06-11T09:02:23.669Z'
}
{
  message: 'Calendar Fetched',
  level: 'info',
  timestamp: '2025-06-11T09:02:23.669Z'
}
