{
  message: 'Pressed Navigation Attendance Button',
  level: 'info',
  timestamp: '2025-06-11T09:09:46.344Z'
}
{
  message: 'Attendance Fetched',
  level: 'info',
  timestamp: '2025-06-11T09:09:46.345Z'
}
{
  message: 'File/s Uploaded',
  level: 'info',
  timestamp: '2025-06-11T09:09:52.286Z'
}
{
  message: 'Pressed Navigation Diary Button',
  level: 'info',
  timestamp: '2025-06-11T09:09:56.021Z'
}
{
  message: 'Diary Fetched',
  level: 'info',
  timestamp: '2025-06-11T09:09:56.021Z'
}
{
  message: 'Pressed Navigation Diary Button',
  level: 'info',
  timestamp: '2025-06-11T09:10:05.194Z'
}
{
  message: 'Diary Fetched',
  level: 'info',
  timestamp: '2025-06-11T09:10:05.194Z'
}
{
  message: 'Pressed Navigation Announcements Button',
  level: 'info',
  timestamp: '2025-06-11T09:10:15.159Z'
}
{
  message: 'Announcements Fetched',
  level: 'info',
  timestamp: '2025-06-11T09:10:15.159Z'
}
{
  message: 'Pressed Navigation Calendar Button',
  level: 'info',
  timestamp: '2025-06-11T09:10:29.986Z'
}
{
  message: 'Calendar Fetched',
  level: 'info',
  timestamp: '2025-06-11T09:10:29.986Z'
}
