{
  message: 'Pressed Navigation Attendance Button',
  level: 'info',
  timestamp: '2025-06-12T05:36:37.992Z'
}
{
  message: 'Attendance Fetched',
  level: 'info',
  timestamp: '2025-06-12T05:36:37.992Z'
}
{
  message: 'File/s Uploaded',
  level: 'info',
  timestamp: '2025-06-12T05:36:45.025Z'
}
{
  message: 'Pressed Navigation Diary Button',
  level: 'info',
  timestamp: '2025-06-12T05:36:51.146Z'
}
{
  message: 'Diary Fetched',
  level: 'info',
  timestamp: '2025-06-12T05:36:51.146Z'
}
{
  message: 'Pressed Navigation Diary Button',
  level: 'info',
  timestamp: '2025-06-12T05:36:55.151Z'
}
{
  message: 'Diary Fetched',
  level: 'info',
  timestamp: '2025-06-12T05:36:55.152Z'
}
{
  message: 'Pressed Navigation Announcements Button',
  level: 'info',
  timestamp: '2025-06-12T05:37:00.105Z'
}
{
  message: 'Announcements Fetched',
  level: 'info',
  timestamp: '2025-06-12T05:37:00.106Z'
}
{
  message: 'Pressed Navigation Calendar Button',
  level: 'info',
  timestamp: '2025-06-12T05:37:12.261Z'
}
{
  message: 'Calendar Fetched',
  level: 'info',
  timestamp: '2025-06-12T05:37:12.261Z'
}
