{
  message: 'Pressed Navigation Attendance Button',
  level: 'info',
  timestamp: '2025-06-10T07:27:38.600Z'
}
{
  message: 'Attendance Fetched',
  level: 'info',
  timestamp: '2025-06-10T07:27:38.602Z'
}
{
  message: 'File/s Uploaded',
  level: 'info',
  timestamp: '2025-06-10T07:27:48.632Z'
}
{
  message: 'Pressed Navigation Diary Button',
  level: 'info',
  timestamp: '2025-06-10T07:27:57.036Z'
}
{
  message: 'Diary Fetched',
  level: 'info',
  timestamp: '2025-06-10T07:27:57.036Z'
}
{
  message: 'Pressed Navigation Diary Button',
  level: 'info',
  timestamp: '2025-06-10T07:28:01.182Z'
}
{
  message: 'Diary Fetched',
  level: 'info',
  timestamp: '2025-06-10T07:28:01.182Z'
}
{
  message: 'Pressed Navigation Announcements Button',
  level: 'info',
  timestamp: '2025-06-10T07:28:12.810Z'
}
{
  message: 'Announcements Fetched',
  level: 'info',
  timestamp: '2025-06-10T07:28:12.811Z'
}
{
  message: 'Pressed Navigation Calendar Button',
  level: 'info',
  timestamp: '2025-06-10T07:28:28.695Z'
}
{
  message: 'Calendar Fetched',
  level: 'info',
  timestamp: '2025-06-10T07:28:28.695Z'
}
