{
  message: 'Pressed Navigation Attendance Button',
  level: 'info',
  timestamp: '2025-06-12T05:40:07.583Z'
}
{
  message: 'Attendance Fetched',
  level: 'info',
  timestamp: '2025-06-12T05:40:07.583Z'
}
{
  message: 'File/s Uploaded',
  level: 'info',
  timestamp: '2025-06-12T05:40:16.030Z'
}
{
  message: 'Pressed Navigation Diary Button',
  level: 'info',
  timestamp: '2025-06-12T05:40:21.032Z'
}
{
  message: 'Diary Fetched',
  level: 'info',
  timestamp: '2025-06-12T05:40:21.032Z'
}
{
  message: 'Pressed Navigation Diary Button',
  level: 'info',
  timestamp: '2025-06-12T05:40:24.847Z'
}
{
  message: 'Diary Fetched',
  level: 'info',
  timestamp: '2025-06-12T05:40:24.847Z'
}
{
  message: 'Pressed Navigation Announcements Button',
  level: 'info',
  timestamp: '2025-06-12T05:40:32.017Z'
}
{
  message: 'Announcements Fetched',
  level: 'info',
  timestamp: '2025-06-12T05:40:32.017Z'
}
{
  message: 'Pressed Navigation Calendar Button',
  level: 'info',
  timestamp: '2025-06-12T05:40:43.458Z'
}
{
  message: 'Calendar Fetched',
  level: 'info',
  timestamp: '2025-06-12T05:40:43.458Z'
}
