{
  message: 'Pressed Navigation Attendance Button',
  level: 'info',
  timestamp: '2025-06-10T08:09:57.326Z'
}
{
  message: 'Attendance Fetched',
  level: 'info',
  timestamp: '2025-06-10T08:09:57.326Z'
}
{
  message: 'File/s Uploaded',
  level: 'info',
  timestamp: '2025-06-10T08:10:02.561Z'
}
{
  message: 'Pressed Navigation Diary Button',
  level: 'info',
  timestamp: '2025-06-10T08:10:07.601Z'
}
{
  message: 'Diary Fetched',
  level: 'info',
  timestamp: '2025-06-10T08:10:07.602Z'
}
{
  message: 'Pressed Navigation Diary Button',
  level: 'info',
  timestamp: '2025-06-10T08:10:13.928Z'
}
{
  message: 'Diary Fetched',
  level: 'info',
  timestamp: '2025-06-10T08:10:13.928Z'
}
{
  message: 'Pressed Navigation Diary Button',
  level: 'info',
  timestamp: '2025-06-10T08:10:15.172Z'
}
{
  message: 'Diary Fetched',
  level: 'info',
  timestamp: '2025-06-10T08:10:15.172Z'
}
{
  message: 'Pressed Navigation Diary Button',
  level: 'info',
  timestamp: '2025-06-10T08:10:16.760Z'
}
{
  message: 'Diary Fetched',
  level: 'info',
  timestamp: '2025-06-10T08:10:16.760Z'
}
{
  message: 'Pressed Navigation Announcements Button',
  level: 'info',
  timestamp: '2025-06-10T08:10:23.918Z'
}
{
  message: 'Announcements Fetched',
  level: 'info',
  timestamp: '2025-06-10T08:10:23.918Z'
}
{
  message: 'Pressed Navigation Calendar Button',
  level: 'info',
  timestamp: '2025-06-10T08:10:43.451Z'
}
{
  message: 'Calendar Fetched',
  level: 'info',
  timestamp: '2025-06-10T08:10:43.451Z'
}
